mode: set
github.com/dije07/payslip-system/handlers/audit.go:11.41,13.90 2 0
github.com/dije07/payslip-system/handlers/audit.go:13.90,15.3 1 0
github.com/dije07/payslip-system/handlers/audit.go:16.2,16.36 1 0
github.com/dije07/payslip-system/handlers/auth.go:19.34,21.37 2 0
github.com/dije07/payslip-system/handlers/auth.go:21.37,23.3 1 0
github.com/dije07/payslip-system/handlers/auth.go:25.2,26.107 2 0
github.com/dije07/payslip-system/handlers/auth.go:26.107,28.3 1 0
github.com/dije07/payslip-system/handlers/auth.go:30.2,30.99 1 0
github.com/dije07/payslip-system/handlers/auth.go:30.99,32.3 1 0
github.com/dije07/payslip-system/handlers/auth.go:34.2,35.16 2 0
github.com/dije07/payslip-system/handlers/auth.go:35.16,37.3 1 0
github.com/dije07/payslip-system/handlers/auth.go:39.2,46.4 1 0
github.com/dije07/payslip-system/handlers/user.go:12.41,17.89 4 0
github.com/dije07/payslip-system/handlers/user.go:17.89,19.3 1 0
github.com/dije07/payslip-system/handlers/user.go:21.2,26.4 1 0
github.com/dije07/payslip-system/database/postgres.go:14.16,24.16 3 0
github.com/dije07/payslip-system/database/postgres.go:24.16,26.3 1 0
github.com/dije07/payslip-system/database/postgres.go:28.2,29.44 2 0
github.com/dije07/payslip-system/main.go:16.13,17.40 1 0
github.com/dije07/payslip-system/main.go:17.40,19.3 1 0
github.com/dije07/payslip-system/main.go:21.2,23.16 3 0
github.com/dije07/payslip-system/main.go:23.16,25.3 1 0
github.com/dije07/payslip-system/main.go:26.2,37.34 9 0
github.com/dije07/payslip-system/config/config.go:9.16,10.40 1 0
github.com/dije07/payslip-system/config/config.go:10.40,12.3 1 0
github.com/dije07/payslip-system/middleware/audit.go:12.58,13.36 1 0
github.com/dije07/payslip-system/middleware/audit.go:13.36,18.109 2 0
github.com/dije07/payslip-system/middleware/audit.go:18.109,20.4 1 0
github.com/dije07/payslip-system/middleware/audit.go:23.3,25.46 3 0
github.com/dije07/payslip-system/middleware/audit.go:25.46,27.18 2 0
github.com/dije07/payslip-system/middleware/audit.go:27.18,29.5 1 0
github.com/dije07/payslip-system/middleware/audit.go:33.3,45.13 3 0
github.com/dije07/payslip-system/middleware/jwt.go:13.54,14.36 1 0
github.com/dije07/payslip-system/middleware/jwt.go:14.36,16.68 2 0
github.com/dije07/payslip-system/middleware/jwt.go:16.68,18.4 1 0
github.com/dije07/payslip-system/middleware/jwt.go:20.3,22.84 2 0
github.com/dije07/payslip-system/middleware/jwt.go:22.84,23.59 1 0
github.com/dije07/payslip-system/middleware/jwt.go:23.59,25.5 1 0
github.com/dije07/payslip-system/middleware/jwt.go:26.4,26.31 1 0
github.com/dije07/payslip-system/middleware/jwt.go:29.3,29.33 1 0
github.com/dije07/payslip-system/middleware/jwt.go:29.33,31.4 1 0
github.com/dije07/payslip-system/middleware/jwt.go:33.3,37.17 4 0
github.com/dije07/payslip-system/middleware/role_guard.go:9.59,10.54 1 0
github.com/dije07/payslip-system/middleware/role_guard.go:10.54,11.37 1 0
github.com/dije07/payslip-system/middleware/role_guard.go:11.37,13.28 2 0
github.com/dije07/payslip-system/middleware/role_guard.go:13.28,17.5 1 0
github.com/dije07/payslip-system/middleware/role_guard.go:18.4,18.18 1 0
github.com/dije07/payslip-system/repositories/mocks/attendance_repository_mock.go:16.86,19.2 2 0
github.com/dije07/payslip-system/repositories/mocks/attendance_repository_mock.go:21.103,24.2 2 0
github.com/dije07/payslip-system/repositories/mocks/attendance_repository_mock.go:26.98,29.2 2 0
github.com/dije07/payslip-system/repositories/mocks/overtime_repository_mock.go:16.82,19.2 2 0
github.com/dije07/payslip-system/repositories/mocks/overtime_repository_mock.go:21.110,24.2 2 0
github.com/dije07/payslip-system/repositories/mocks/overtime_repository_mock.go:26.92,29.2 2 0
github.com/dije07/payslip-system/repositories/mocks/payroll_repository_mock.go:16.74,19.2 2 0
github.com/dije07/payslip-system/repositories/mocks/payroll_repository_mock.go:21.109,24.2 2 0
github.com/dije07/payslip-system/repositories/mocks/payroll_repository_mock.go:26.68,29.2 2 0
github.com/dije07/payslip-system/repositories/mocks/payroll_repository_mock.go:31.97,34.2 2 0
github.com/dije07/payslip-system/repositories/mocks/payroll_repository_mock.go:36.97,39.2 2 0
github.com/dije07/payslip-system/repositories/mocks/payroll_repository_mock.go:41.102,44.2 2 0
github.com/dije07/payslip-system/repositories/mocks/payroll_repository_mock.go:46.63,49.2 2 0
github.com/dije07/payslip-system/repositories/mocks/payroll_repository_mock.go:51.72,54.2 2 0
github.com/dije07/payslip-system/repositories/mocks/payslip_repository_mock.go:13.91,16.14 3 0
github.com/dije07/payslip-system/repositories/mocks/payslip_repository_mock.go:16.14,18.3 1 0
github.com/dije07/payslip-system/repositories/mocks/payslip_repository_mock.go:19.2,19.43 1 0
github.com/dije07/payslip-system/repositories/mocks/payslip_repository_mock.go:22.93,25.2 2 0
github.com/dije07/payslip-system/repositories/mocks/reimbursement_repository_mock.go:14.129,17.2 2 0
github.com/dije07/payslip-system/repositories/mocks/reimbursement_repository_mock.go:19.107,22.2 2 0
github.com/dije07/payslip-system/handlers/payroll/payroll.go:24.68,26.37 2 1
github.com/dije07/payslip-system/handlers/payroll/payroll.go:26.37,28.3 1 1
github.com/dije07/payslip-system/handlers/payroll/payroll.go:30.2,34.32 4 1
github.com/dije07/payslip-system/handlers/payroll/payroll.go:34.32,36.3 1 1
github.com/dije07/payslip-system/handlers/payroll/payroll.go:38.2,39.9 2 1
github.com/dije07/payslip-system/handlers/payroll/payroll.go:39.9,41.3 1 1
github.com/dije07/payslip-system/handlers/payroll/payroll.go:42.2,43.77 2 1
github.com/dije07/payslip-system/handlers/payroll/payroll.go:43.77,45.3 1 1
github.com/dije07/payslip-system/handlers/payroll/payroll.go:47.2,47.77 1 1
github.com/dije07/payslip-system/handlers/payroll/payroll.go:50.59,56.37 3 1
github.com/dije07/payslip-system/handlers/payroll/payroll.go:56.37,58.3 1 1
github.com/dije07/payslip-system/handlers/payroll/payroll.go:60.2,61.16 2 1
github.com/dije07/payslip-system/handlers/payroll/payroll.go:61.16,63.3 1 1
github.com/dije07/payslip-system/handlers/payroll/payroll.go:65.2,66.16 2 1
github.com/dije07/payslip-system/handlers/payroll/payroll.go:66.16,68.3 1 1
github.com/dije07/payslip-system/handlers/payroll/payroll.go:70.2,70.53 1 1
github.com/dije07/payslip-system/handlers/payroll/payroll.go:70.53,72.3 1 1
github.com/dije07/payslip-system/handlers/payroll/payroll.go:74.2,74.85 1 1
github.com/dije07/payslip-system/handlers/overtime/overtime.go:20.64,22.9 2 1
github.com/dije07/payslip-system/handlers/overtime/overtime.go:22.9,24.3 1 1
github.com/dije07/payslip-system/handlers/overtime/overtime.go:25.2,28.37 3 1
github.com/dije07/payslip-system/handlers/overtime/overtime.go:28.37,30.3 1 1
github.com/dije07/payslip-system/handlers/overtime/overtime.go:32.2,32.71 1 1
github.com/dije07/payslip-system/handlers/overtime/overtime.go:32.71,34.3 1 1
github.com/dije07/payslip-system/handlers/overtime/overtime.go:36.2,36.73 1 1
github.com/dije07/payslip-system/handlers/overtime/overtime.go:39.63,41.9 2 1
github.com/dije07/payslip-system/handlers/overtime/overtime.go:41.9,43.3 1 1
github.com/dije07/payslip-system/handlers/overtime/overtime.go:44.2,47.16 3 1
github.com/dije07/payslip-system/handlers/overtime/overtime.go:47.16,49.3 1 1
github.com/dije07/payslip-system/handlers/overtime/overtime.go:51.2,59.31 3 1
github.com/dije07/payslip-system/handlers/overtime/overtime.go:59.31,66.3 1 1
github.com/dije07/payslip-system/handlers/overtime/overtime.go:68.2,68.60 1 1
github.com/dije07/payslip-system/handlers/payslip/payslip.go:15.61,17.9 2 1
github.com/dije07/payslip-system/handlers/payslip/payslip.go:17.9,19.3 1 1
github.com/dije07/payslip-system/handlers/payslip/payslip.go:20.2,24.16 4 1
github.com/dije07/payslip-system/handlers/payslip/payslip.go:24.16,26.3 1 1
github.com/dije07/payslip-system/handlers/payslip/payslip.go:28.2,29.16 2 1
github.com/dije07/payslip-system/handlers/payslip/payslip.go:29.16,31.3 1 1
github.com/dije07/payslip-system/handlers/payslip/payslip.go:33.2,40.4 1 1
github.com/dije07/payslip-system/handlers/payslip/payslip.go:43.66,46.16 3 1
github.com/dije07/payslip-system/handlers/payslip/payslip.go:46.16,48.3 1 1
github.com/dije07/payslip-system/handlers/payslip/payslip.go:50.2,51.16 2 1
github.com/dije07/payslip-system/handlers/payslip/payslip.go:51.16,53.3 1 1
github.com/dije07/payslip-system/handlers/payslip/payslip.go:55.2,66.29 3 1
github.com/dije07/payslip-system/handlers/payslip/payslip.go:66.29,76.3 1 1
github.com/dije07/payslip-system/handlers/payslip/payslip.go:78.2,83.4 1 1
github.com/dije07/payslip-system/handlers/attendance/attendance.go:16.68,18.9 2 1
github.com/dije07/payslip-system/handlers/attendance/attendance.go:18.9,20.3 1 1
github.com/dije07/payslip-system/handlers/attendance/attendance.go:21.2,23.62 2 1
github.com/dije07/payslip-system/handlers/attendance/attendance.go:23.62,25.3 1 1
github.com/dije07/payslip-system/handlers/attendance/attendance.go:27.2,27.88 1 1
github.com/dije07/payslip-system/handlers/attendance/attendance.go:30.67,32.9 2 1
github.com/dije07/payslip-system/handlers/attendance/attendance.go:32.9,34.3 1 1
github.com/dije07/payslip-system/handlers/attendance/attendance.go:35.2,38.16 3 1
github.com/dije07/payslip-system/handlers/attendance/attendance.go:38.16,40.3 1 1
github.com/dije07/payslip-system/handlers/attendance/attendance.go:42.2,48.32 3 1
github.com/dije07/payslip-system/handlers/attendance/attendance.go:48.32,53.3 1 1
github.com/dije07/payslip-system/handlers/attendance/attendance.go:55.2,55.62 1 1
github.com/dije07/payslip-system/handlers/reimbursement/reimbursement.go:21.74,23.9 2 1
github.com/dije07/payslip-system/handlers/reimbursement/reimbursement.go:23.9,25.3 1 1
github.com/dije07/payslip-system/handlers/reimbursement/reimbursement.go:26.2,29.37 3 1
github.com/dije07/payslip-system/handlers/reimbursement/reimbursement.go:29.37,31.3 1 1
github.com/dije07/payslip-system/handlers/reimbursement/reimbursement.go:33.2,33.94 1 1
github.com/dije07/payslip-system/handlers/reimbursement/reimbursement.go:33.94,35.3 1 1
github.com/dije07/payslip-system/handlers/reimbursement/reimbursement.go:37.2,37.78 1 1
github.com/dije07/payslip-system/handlers/reimbursement/reimbursement.go:40.74,42.9 2 1
github.com/dije07/payslip-system/handlers/reimbursement/reimbursement.go:42.9,44.3 1 1
github.com/dije07/payslip-system/handlers/reimbursement/reimbursement.go:45.2,48.16 3 1
github.com/dije07/payslip-system/handlers/reimbursement/reimbursement.go:48.16,50.3 1 1
github.com/dije07/payslip-system/handlers/reimbursement/reimbursement.go:52.2,60.35 3 1
github.com/dije07/payslip-system/handlers/reimbursement/reimbursement.go:60.35,67.3 1 1
github.com/dije07/payslip-system/handlers/reimbursement/reimbursement.go:69.2,69.66 1 1
github.com/dije07/payslip-system/repositories/attendance/attendance_repository.go:14.52,16.2 1 1
github.com/dije07/payslip-system/repositories/attendance/attendance_repository.go:18.86,22.2 3 1
github.com/dije07/payslip-system/repositories/attendance/attendance_repository.go:24.103,34.2 2 1
github.com/dije07/payslip-system/repositories/attendance/attendance_repository.go:36.98,40.2 3 1
github.com/dije07/payslip-system/routes/routes.go:24.35,76.2 28 0
github.com/dije07/payslip-system/seeder/role_seeder.go:10.18,16.29 2 0
github.com/dije07/payslip-system/seeder/role_seeder.go:16.29,18.87 2 0
github.com/dije07/payslip-system/seeder/role_seeder.go:18.87,21.4 2 0
github.com/dije07/payslip-system/seeder/user_seeder.go:17.18,20.19 3 0
github.com/dije07/payslip-system/seeder/user_seeder.go:20.19,23.3 2 0
github.com/dije07/payslip-system/seeder/user_seeder.go:25.2,40.27 7 0
github.com/dije07/payslip-system/seeder/user_seeder.go:40.27,53.3 4 0
github.com/dije07/payslip-system/seeder/user_seeder.go:55.2,55.64 1 0
github.com/dije07/payslip-system/services/mocks/attendance_service_mock.go:14.90,17.2 2 0
github.com/dije07/payslip-system/services/mocks/attendance_service_mock.go:19.96,24.2 3 0
github.com/dije07/payslip-system/services/mocks/overtime_service_mock.go:14.97,17.2 2 0
github.com/dije07/payslip-system/services/mocks/overtime_service_mock.go:19.90,24.2 3 0
github.com/dije07/payslip-system/services/mocks/payroll_service_mock.go:16.112,19.2 2 0
github.com/dije07/payslip-system/services/mocks/payroll_service_mock.go:21.76,24.2 2 0
github.com/dije07/payslip-system/services/mocks/payslip_service_mock.go:13.102,16.14 3 0
github.com/dije07/payslip-system/services/mocks/payslip_service_mock.go:16.14,18.3 1 0
github.com/dije07/payslip-system/services/mocks/payslip_service_mock.go:19.2,19.43 1 0
github.com/dije07/payslip-system/services/mocks/payslip_service_mock.go:22.103,27.2 4 0
github.com/dije07/payslip-system/services/mocks/reimbursement_service_mock.go:14.132,17.2 2 0
github.com/dije07/payslip-system/services/mocks/reimbursement_service_mock.go:19.106,23.2 3 0
github.com/dije07/payslip-system/repositories/overtime/overtime_repository.go:14.48,16.2 1 1
github.com/dije07/payslip-system/repositories/overtime/overtime_repository.go:18.82,22.2 3 1
github.com/dije07/payslip-system/repositories/overtime/overtime_repository.go:24.110,35.2 2 1
github.com/dije07/payslip-system/repositories/overtime/overtime_repository.go:37.92,41.2 3 1
github.com/dije07/payslip-system/repositories/payroll/payroll_repository.go:14.46,16.2 1 1
github.com/dije07/payslip-system/repositories/payroll/payroll_repository.go:18.74,22.2 3 1
github.com/dije07/payslip-system/repositories/payroll/payroll_repository.go:24.109,35.2 2 1
github.com/dije07/payslip-system/repositories/payroll/payroll_repository.go:37.68,41.2 3 1
github.com/dije07/payslip-system/repositories/payroll/payroll_repository.go:43.97,49.2 3 1
github.com/dije07/payslip-system/repositories/payroll/payroll_repository.go:51.97,57.2 3 1
github.com/dije07/payslip-system/repositories/payroll/payroll_repository.go:59.102,65.2 3 1
github.com/dije07/payslip-system/repositories/payroll/payroll_repository.go:67.63,69.2 1 1
github.com/dije07/payslip-system/repositories/payroll/payroll_repository.go:71.72,75.2 1 1
github.com/dije07/payslip-system/repositories/payslip/payslip_repository.go:11.46,13.2 1 1
github.com/dije07/payslip-system/repositories/payslip/payslip_repository.go:15.91,18.16 3 1
github.com/dije07/payslip-system/repositories/payslip/payslip_repository.go:18.16,20.3 1 1
github.com/dije07/payslip-system/repositories/payslip/payslip_repository.go:21.2,21.16 1 1
github.com/dije07/payslip-system/repositories/payslip/payslip_repository.go:24.93,28.2 3 1
github.com/dije07/payslip-system/repositories/reimbursement/reimbursement_repository.go:12.58,14.2 1 1
github.com/dije07/payslip-system/repositories/reimbursement/reimbursement_repository.go:16.129,27.2 2 1
github.com/dije07/payslip-system/repositories/reimbursement/reimbursement_repository.go:29.107,33.2 3 1
github.com/dije07/payslip-system/utils/audit.go:11.93,22.2 2 0
github.com/dije07/payslip-system/utils/jwt.go:11.64,20.2 3 0
github.com/dije07/payslip-system/services/attendances/attendance_service.go:21.105,23.2 1 1
github.com/dije07/payslip-system/services/attendances/attendance_service.go:25.90,27.72 2 1
github.com/dije07/payslip-system/services/attendances/attendance_service.go:27.72,28.39 1 1
github.com/dije07/payslip-system/services/attendances/attendance_service.go:28.39,30.4 1 1
github.com/dije07/payslip-system/services/attendances/attendance_service.go:32.2,32.44 1 1
github.com/dije07/payslip-system/services/attendances/attendance_service.go:32.44,34.3 1 1
github.com/dije07/payslip-system/services/attendances/attendance_service.go:35.2,35.50 1 1
github.com/dije07/payslip-system/services/attendances/attendance_service.go:38.96,40.2 1 1
github.com/dije07/payslip-system/services/payroll/payroll_service.go:19.95,21.2 1 1
github.com/dije07/payslip-system/services/payroll/payroll_service.go:23.112,24.23 1 1
github.com/dije07/payslip-system/services/payroll/payroll_service.go:24.23,26.3 1 1
github.com/dije07/payslip-system/services/payroll/payroll_service.go:27.2,27.44 1 1
github.com/dije07/payslip-system/services/payroll/payroll_service.go:27.44,29.3 1 1
github.com/dije07/payslip-system/services/payroll/payroll_service.go:30.2,30.58 1 1
github.com/dije07/payslip-system/services/payroll/payroll_service.go:33.76,34.21 1 1
github.com/dije07/payslip-system/services/payroll/payroll_service.go:34.21,36.3 1 1
github.com/dije07/payslip-system/services/payroll/payroll_service.go:38.2,40.16 3 1
github.com/dije07/payslip-system/services/payroll/payroll_service.go:40.16,42.3 1 1
github.com/dije07/payslip-system/services/payroll/payroll_service.go:44.2,44.32 1 1
github.com/dije07/payslip-system/services/payroll/payroll_service.go:44.32,67.3 10 1
github.com/dije07/payslip-system/services/payroll/payroll_service.go:69.2,69.45 1 1
github.com/dije07/payslip-system/services/payroll/payroll_service.go:72.70,74.56 2 1
github.com/dije07/payslip-system/services/payroll/payroll_service.go:74.56,75.65 1 1
github.com/dije07/payslip-system/services/payroll/payroll_service.go:75.65,77.4 1 1
github.com/dije07/payslip-system/services/payroll/payroll_service.go:79.2,79.14 1 1
github.com/dije07/payslip-system/services/overtime/overtime_service.go:18.98,20.2 1 1
github.com/dije07/payslip-system/services/overtime/overtime_service.go:22.97,23.28 1 1
github.com/dije07/payslip-system/services/overtime/overtime_service.go:23.28,25.3 1 1
github.com/dije07/payslip-system/services/overtime/overtime_service.go:27.2,28.42 2 1
github.com/dije07/payslip-system/services/overtime/overtime_service.go:28.42,30.3 1 1
github.com/dije07/payslip-system/services/overtime/overtime_service.go:32.2,32.55 1 1
github.com/dije07/payslip-system/services/overtime/overtime_service.go:35.90,37.2 1 1
github.com/dije07/payslip-system/services/payslip/payslip_service.go:14.95,16.2 1 1
github.com/dije07/payslip-system/services/payslip/payslip_service.go:18.102,20.2 1 1
github.com/dije07/payslip-system/services/payslip/payslip_service.go:22.103,24.16 2 1
github.com/dije07/payslip-system/services/payslip/payslip_service.go:24.16,26.3 1 1
github.com/dije07/payslip-system/services/payslip/payslip_service.go:28.2,29.29 2 1
github.com/dije07/payslip-system/services/payslip/payslip_service.go:29.29,31.3 1 1
github.com/dije07/payslip-system/services/payslip/payslip_service.go:33.2,33.29 1 1
github.com/dije07/payslip-system/services/reimbursement/reimbursement_service.go:17.113,19.2 1 1
github.com/dije07/payslip-system/services/reimbursement/reimbursement_service.go:21.132,22.17 1 1
github.com/dije07/payslip-system/services/reimbursement/reimbursement_service.go:22.17,24.3 1 1
github.com/dije07/payslip-system/services/reimbursement/reimbursement_service.go:25.2,25.27 1 1
github.com/dije07/payslip-system/services/reimbursement/reimbursement_service.go:25.27,27.3 1 1
github.com/dije07/payslip-system/services/reimbursement/reimbursement_service.go:28.2,28.67 1 1
github.com/dije07/payslip-system/services/reimbursement/reimbursement_service.go:31.106,33.2 1 1
