mode: set
github.com/dije07/payslip-system/config/config.go:9.16,10.40 1 0
github.com/dije07/payslip-system/config/config.go:10.40,12.3 1 0
github.com/dije07/payslip-system/database/postgres.go:14.16,24.16 3 0
github.com/dije07/payslip-system/database/postgres.go:24.16,26.3 1 0
github.com/dije07/payslip-system/database/postgres.go:28.2,29.44 2 0
github.com/dije07/payslip-system/main.go:16.13,17.40 1 0
github.com/dije07/payslip-system/main.go:17.40,19.3 1 0
github.com/dije07/payslip-system/main.go:21.2,23.16 3 0
github.com/dije07/payslip-system/main.go:23.16,25.3 1 0
github.com/dije07/payslip-system/main.go:26.2,37.34 9 0
github.com/dije07/payslip-system/handlers/audit.go:11.41,13.90 2 0
github.com/dije07/payslip-system/handlers/audit.go:13.90,15.3 1 0
github.com/dije07/payslip-system/handlers/audit.go:16.2,16.36 1 0
github.com/dije07/payslip-system/handlers/auth.go:19.34,21.37 2 0
github.com/dije07/payslip-system/handlers/auth.go:21.37,23.3 1 0
github.com/dije07/payslip-system/handlers/auth.go:25.2,26.107 2 0
github.com/dije07/payslip-system/handlers/auth.go:26.107,28.3 1 0
github.com/dije07/payslip-system/handlers/auth.go:30.2,30.99 1 0
github.com/dije07/payslip-system/handlers/auth.go:30.99,32.3 1 0
github.com/dije07/payslip-system/handlers/auth.go:34.2,35.16 2 0
github.com/dije07/payslip-system/handlers/auth.go:35.16,37.3 1 0
github.com/dije07/payslip-system/handlers/auth.go:39.2,46.4 1 0
github.com/dije07/payslip-system/handlers/user.go:12.41,17.89 4 0
github.com/dije07/payslip-system/handlers/user.go:17.89,19.3 1 0
github.com/dije07/payslip-system/handlers/user.go:21.2,26.4 1 0
github.com/dije07/payslip-system/middleware/audit.go:12.58,13.36 1 0
github.com/dije07/payslip-system/middleware/audit.go:13.36,18.109 2 0
github.com/dije07/payslip-system/middleware/audit.go:18.109,20.4 1 0
github.com/dije07/payslip-system/middleware/audit.go:23.3,25.46 3 0
github.com/dije07/payslip-system/middleware/audit.go:25.46,27.18 2 0
github.com/dije07/payslip-system/middleware/audit.go:27.18,29.5 1 0
github.com/dije07/payslip-system/middleware/audit.go:33.3,45.13 3 0
github.com/dije07/payslip-system/middleware/jwt.go:13.54,14.36 1 0
github.com/dije07/payslip-system/middleware/jwt.go:14.36,16.68 2 0
github.com/dije07/payslip-system/middleware/jwt.go:16.68,18.4 1 0
github.com/dije07/payslip-system/middleware/jwt.go:20.3,22.84 2 0
github.com/dije07/payslip-system/middleware/jwt.go:22.84,23.59 1 0
github.com/dije07/payslip-system/middleware/jwt.go:23.59,25.5 1 0
github.com/dije07/payslip-system/middleware/jwt.go:26.4,26.31 1 0
github.com/dije07/payslip-system/middleware/jwt.go:29.3,29.33 1 0
github.com/dije07/payslip-system/middleware/jwt.go:29.33,31.4 1 0
github.com/dije07/payslip-system/middleware/jwt.go:33.3,37.17 4 0
github.com/dije07/payslip-system/middleware/role_guard.go:9.59,10.54 1 0
github.com/dije07/payslip-system/middleware/role_guard.go:10.54,11.37 1 0
github.com/dije07/payslip-system/middleware/role_guard.go:11.37,13.28 2 0
github.com/dije07/payslip-system/middleware/role_guard.go:13.28,17.5 1 0
github.com/dije07/payslip-system/middleware/role_guard.go:18.4,18.18 1 0
github.com/dije07/payslip-system/repositories/mocks/attendance_repository_mock.go:15.86,18.2 2 0
github.com/dije07/payslip-system/repositories/mocks/attendance_repository_mock.go:20.87,23.2 2 0
github.com/dije07/payslip-system/repositories/mocks/attendance_repository_mock.go:25.98,28.2 2 0
github.com/dije07/payslip-system/repositories/mocks/overtime_repository_mock.go:15.82,18.2 2 0
github.com/dije07/payslip-system/repositories/mocks/overtime_repository_mock.go:20.94,23.2 2 0
github.com/dije07/payslip-system/repositories/mocks/overtime_repository_mock.go:25.92,28.2 2 0
github.com/dije07/payslip-system/repositories/mocks/payroll_repository_mock.go:15.74,18.2 2 0
github.com/dije07/payslip-system/repositories/mocks/payroll_repository_mock.go:20.75,23.2 2 0
github.com/dije07/payslip-system/repositories/mocks/payroll_repository_mock.go:25.68,28.2 2 0
github.com/dije07/payslip-system/repositories/mocks/payroll_repository_mock.go:30.97,33.2 2 0
github.com/dije07/payslip-system/repositories/mocks/payroll_repository_mock.go:35.97,38.2 2 0
github.com/dije07/payslip-system/repositories/mocks/payroll_repository_mock.go:40.102,43.2 2 0
github.com/dije07/payslip-system/repositories/mocks/payroll_repository_mock.go:45.63,48.2 2 0
github.com/dije07/payslip-system/repositories/mocks/payroll_repository_mock.go:50.72,53.2 2 0
github.com/dije07/payslip-system/repositories/mocks/payslip_repository_mock.go:13.91,16.14 3 0
github.com/dije07/payslip-system/repositories/mocks/payslip_repository_mock.go:16.14,18.3 1 0
github.com/dije07/payslip-system/repositories/mocks/payslip_repository_mock.go:19.2,19.43 1 0
github.com/dije07/payslip-system/repositories/mocks/payslip_repository_mock.go:22.93,25.2 2 0
github.com/dije07/payslip-system/repositories/mocks/reimbursement_repository_mock.go:13.113,16.2 2 0
github.com/dije07/payslip-system/repositories/mocks/reimbursement_repository_mock.go:18.107,21.2 2 0
github.com/dije07/payslip-system/handlers/overtime/overtime.go:20.64,22.9 2 1
github.com/dije07/payslip-system/handlers/overtime/overtime.go:22.9,24.3 1 1
github.com/dije07/payslip-system/handlers/overtime/overtime.go:25.2,28.37 3 1
github.com/dije07/payslip-system/handlers/overtime/overtime.go:28.37,30.3 1 1
github.com/dije07/payslip-system/handlers/overtime/overtime.go:32.2,32.68 1 1
github.com/dije07/payslip-system/handlers/overtime/overtime.go:32.68,34.3 1 1
github.com/dije07/payslip-system/handlers/overtime/overtime.go:36.2,36.73 1 1
github.com/dije07/payslip-system/handlers/overtime/overtime.go:39.63,41.9 2 1
github.com/dije07/payslip-system/handlers/overtime/overtime.go:41.9,43.3 1 1
github.com/dije07/payslip-system/handlers/overtime/overtime.go:44.2,47.16 3 1
github.com/dije07/payslip-system/handlers/overtime/overtime.go:47.16,49.3 1 1
github.com/dije07/payslip-system/handlers/overtime/overtime.go:51.2,59.31 3 1
github.com/dije07/payslip-system/handlers/overtime/overtime.go:59.31,66.3 1 1
github.com/dije07/payslip-system/handlers/overtime/overtime.go:68.2,68.60 1 1
github.com/dije07/payslip-system/handlers/attendance/attendance.go:16.68,18.9 2 1
github.com/dije07/payslip-system/handlers/attendance/attendance.go:18.9,20.3 1 1
github.com/dije07/payslip-system/handlers/attendance/attendance.go:21.2,23.59 2 1
github.com/dije07/payslip-system/handlers/attendance/attendance.go:23.59,25.3 1 1
github.com/dije07/payslip-system/handlers/attendance/attendance.go:27.2,27.88 1 1
github.com/dije07/payslip-system/handlers/attendance/attendance.go:30.67,32.9 2 1
github.com/dije07/payslip-system/handlers/attendance/attendance.go:32.9,34.3 1 1
github.com/dije07/payslip-system/handlers/attendance/attendance.go:35.2,38.16 3 1
github.com/dije07/payslip-system/handlers/attendance/attendance.go:38.16,40.3 1 1
github.com/dije07/payslip-system/handlers/attendance/attendance.go:42.2,48.32 3 1
github.com/dije07/payslip-system/handlers/attendance/attendance.go:48.32,53.3 1 1
github.com/dije07/payslip-system/handlers/attendance/attendance.go:55.2,55.62 1 1
github.com/dije07/payslip-system/handlers/payslip/payslip.go:15.61,17.9 2 1
github.com/dije07/payslip-system/handlers/payslip/payslip.go:17.9,19.3 1 1
github.com/dije07/payslip-system/handlers/payslip/payslip.go:20.2,24.16 4 1
github.com/dije07/payslip-system/handlers/payslip/payslip.go:24.16,26.3 1 1
github.com/dije07/payslip-system/handlers/payslip/payslip.go:28.2,29.16 2 1
github.com/dije07/payslip-system/handlers/payslip/payslip.go:29.16,31.3 1 1
github.com/dije07/payslip-system/handlers/payslip/payslip.go:33.2,40.4 1 1
github.com/dije07/payslip-system/handlers/payslip/payslip.go:43.66,46.16 3 1
github.com/dije07/payslip-system/handlers/payslip/payslip.go:46.16,48.3 1 1
github.com/dije07/payslip-system/handlers/payslip/payslip.go:50.2,51.16 2 1
github.com/dije07/payslip-system/handlers/payslip/payslip.go:51.16,53.3 1 1
github.com/dije07/payslip-system/handlers/payslip/payslip.go:55.2,66.29 3 1
github.com/dije07/payslip-system/handlers/payslip/payslip.go:66.29,76.3 1 1
github.com/dije07/payslip-system/handlers/payslip/payslip.go:78.2,83.4 1 1
github.com/dije07/payslip-system/handlers/payroll/payroll.go:24.68,26.37 2 1
github.com/dije07/payslip-system/handlers/payroll/payroll.go:26.37,28.3 1 1
github.com/dije07/payslip-system/handlers/payroll/payroll.go:30.2,34.32 4 1
github.com/dije07/payslip-system/handlers/payroll/payroll.go:34.32,36.3 1 1
github.com/dije07/payslip-system/handlers/payroll/payroll.go:38.2,38.66 1 1
github.com/dije07/payslip-system/handlers/payroll/payroll.go:38.66,40.3 1 1
github.com/dije07/payslip-system/handlers/payroll/payroll.go:42.2,42.77 1 1
github.com/dije07/payslip-system/handlers/payroll/payroll.go:45.59,51.37 3 1
github.com/dije07/payslip-system/handlers/payroll/payroll.go:51.37,53.3 1 1
github.com/dije07/payslip-system/handlers/payroll/payroll.go:55.2,56.16 2 1
github.com/dije07/payslip-system/handlers/payroll/payroll.go:56.16,58.3 1 1
github.com/dije07/payslip-system/handlers/payroll/payroll.go:60.2,61.16 2 1
github.com/dije07/payslip-system/handlers/payroll/payroll.go:61.16,63.3 1 1
github.com/dije07/payslip-system/handlers/payroll/payroll.go:65.2,65.53 1 1
github.com/dije07/payslip-system/handlers/payroll/payroll.go:65.53,67.3 1 1
github.com/dije07/payslip-system/handlers/payroll/payroll.go:69.2,69.85 1 1
github.com/dije07/payslip-system/handlers/reimbursement/reimbursement.go:21.74,23.9 2 1
github.com/dije07/payslip-system/handlers/reimbursement/reimbursement.go:23.9,25.3 1 1
github.com/dije07/payslip-system/handlers/reimbursement/reimbursement.go:26.2,29.37 3 1
github.com/dije07/payslip-system/handlers/reimbursement/reimbursement.go:29.37,31.3 1 1
github.com/dije07/payslip-system/handlers/reimbursement/reimbursement.go:33.2,33.91 1 1
github.com/dije07/payslip-system/handlers/reimbursement/reimbursement.go:33.91,35.3 1 1
github.com/dije07/payslip-system/handlers/reimbursement/reimbursement.go:37.2,37.78 1 1
github.com/dije07/payslip-system/handlers/reimbursement/reimbursement.go:40.74,42.9 2 1
github.com/dije07/payslip-system/handlers/reimbursement/reimbursement.go:42.9,44.3 1 1
github.com/dije07/payslip-system/handlers/reimbursement/reimbursement.go:45.2,48.16 3 1
github.com/dije07/payslip-system/handlers/reimbursement/reimbursement.go:48.16,50.3 1 1
github.com/dije07/payslip-system/handlers/reimbursement/reimbursement.go:52.2,60.35 3 1
github.com/dije07/payslip-system/handlers/reimbursement/reimbursement.go:60.35,67.3 1 1
github.com/dije07/payslip-system/handlers/reimbursement/reimbursement.go:69.2,69.66 1 1
github.com/dije07/payslip-system/repositories/attendance/attendance_repository.go:13.52,15.2 1 1
github.com/dije07/payslip-system/repositories/attendance/attendance_repository.go:17.86,21.2 3 1
github.com/dije07/payslip-system/repositories/attendance/attendance_repository.go:23.87,30.2 2 1
github.com/dije07/payslip-system/repositories/attendance/attendance_repository.go:32.98,36.2 3 1
github.com/dije07/payslip-system/routes/routes.go:24.35,76.2 28 0
github.com/dije07/payslip-system/seeder/role_seeder.go:10.18,16.29 2 0
github.com/dije07/payslip-system/seeder/role_seeder.go:16.29,18.87 2 0
github.com/dije07/payslip-system/seeder/role_seeder.go:18.87,21.4 2 0
github.com/dije07/payslip-system/seeder/user_seeder.go:17.18,20.19 3 0
github.com/dije07/payslip-system/seeder/user_seeder.go:20.19,23.3 2 0
github.com/dije07/payslip-system/seeder/user_seeder.go:25.2,40.27 7 0
github.com/dije07/payslip-system/seeder/user_seeder.go:40.27,53.3 4 0
github.com/dije07/payslip-system/seeder/user_seeder.go:55.2,55.64 1 0
github.com/dije07/payslip-system/repositories/overtime/overtime_repository.go:13.48,15.2 1 1
github.com/dije07/payslip-system/repositories/overtime/overtime_repository.go:17.82,21.2 3 1
github.com/dije07/payslip-system/repositories/overtime/overtime_repository.go:23.94,31.2 2 1
github.com/dije07/payslip-system/repositories/overtime/overtime_repository.go:33.92,37.2 3 1
github.com/dije07/payslip-system/services/mocks/attendance_service_mock.go:13.74,16.2 2 0
github.com/dije07/payslip-system/services/mocks/attendance_service_mock.go:18.96,23.2 3 0
github.com/dije07/payslip-system/services/mocks/overtime_service_mock.go:13.81,16.2 2 0
github.com/dije07/payslip-system/services/mocks/overtime_service_mock.go:18.90,23.2 3 0
github.com/dije07/payslip-system/services/mocks/payroll_service_mock.go:14.78,17.2 2 0
github.com/dije07/payslip-system/services/mocks/payroll_service_mock.go:19.76,22.2 2 0
github.com/dije07/payslip-system/services/mocks/payslip_service_mock.go:13.102,16.14 3 0
github.com/dije07/payslip-system/services/mocks/payslip_service_mock.go:16.14,18.3 1 0
github.com/dije07/payslip-system/services/mocks/payslip_service_mock.go:19.2,19.43 1 0
github.com/dije07/payslip-system/services/mocks/payslip_service_mock.go:22.103,27.2 4 0
github.com/dije07/payslip-system/services/mocks/reimbursement_service_mock.go:13.116,16.2 2 0
github.com/dije07/payslip-system/services/mocks/reimbursement_service_mock.go:18.106,22.2 3 0
github.com/dije07/payslip-system/repositories/payroll/payroll_repository.go:13.46,15.2 1 1
github.com/dije07/payslip-system/repositories/payroll/payroll_repository.go:17.74,21.2 3 1
github.com/dije07/payslip-system/repositories/payroll/payroll_repository.go:23.75,31.2 2 1
github.com/dije07/payslip-system/repositories/payroll/payroll_repository.go:33.68,37.2 3 1
github.com/dije07/payslip-system/repositories/payroll/payroll_repository.go:39.97,45.2 3 1
github.com/dije07/payslip-system/repositories/payroll/payroll_repository.go:47.97,53.2 3 1
github.com/dije07/payslip-system/repositories/payroll/payroll_repository.go:55.102,61.2 3 1
github.com/dije07/payslip-system/repositories/payroll/payroll_repository.go:63.63,65.2 1 1
github.com/dije07/payslip-system/repositories/payroll/payroll_repository.go:67.72,71.2 1 1
github.com/dije07/payslip-system/repositories/payslip/payslip_repository.go:11.46,13.2 1 1
github.com/dije07/payslip-system/repositories/payslip/payslip_repository.go:15.91,18.16 3 1
github.com/dije07/payslip-system/repositories/payslip/payslip_repository.go:18.16,20.3 1 1
github.com/dije07/payslip-system/repositories/payslip/payslip_repository.go:21.2,21.16 1 1
github.com/dije07/payslip-system/repositories/payslip/payslip_repository.go:24.93,28.2 3 1
github.com/dije07/payslip-system/utils/audit.go:11.93,22.2 2 0
github.com/dije07/payslip-system/utils/jwt.go:11.64,20.2 3 0
github.com/dije07/payslip-system/repositories/reimbursement/reimbursement_repository.go:11.58,13.2 1 1
github.com/dije07/payslip-system/repositories/reimbursement/reimbursement_repository.go:15.113,23.2 2 1
github.com/dije07/payslip-system/repositories/reimbursement/reimbursement_repository.go:25.107,29.2 3 1
github.com/dije07/payslip-system/services/attendances/attendance_service.go:18.105,20.2 1 1
github.com/dije07/payslip-system/services/attendances/attendance_service.go:22.74,24.72 2 1
github.com/dije07/payslip-system/services/attendances/attendance_service.go:24.72,25.39 1 1
github.com/dije07/payslip-system/services/attendances/attendance_service.go:25.39,27.4 1 1
github.com/dije07/payslip-system/services/attendances/attendance_service.go:29.2,29.44 1 1
github.com/dije07/payslip-system/services/attendances/attendance_service.go:29.44,31.3 1 1
github.com/dije07/payslip-system/services/attendances/attendance_service.go:32.2,32.47 1 1
github.com/dije07/payslip-system/services/attendances/attendance_service.go:35.96,37.2 1 1
github.com/dije07/payslip-system/services/overtime/overtime_service.go:17.98,19.2 1 1
github.com/dije07/payslip-system/services/overtime/overtime_service.go:21.81,22.28 1 1
github.com/dije07/payslip-system/services/overtime/overtime_service.go:22.28,24.3 1 1
github.com/dije07/payslip-system/services/overtime/overtime_service.go:26.2,27.42 2 1
github.com/dije07/payslip-system/services/overtime/overtime_service.go:27.42,29.3 1 1
github.com/dije07/payslip-system/services/overtime/overtime_service.go:31.2,31.52 1 1
github.com/dije07/payslip-system/services/overtime/overtime_service.go:34.90,36.2 1 1
github.com/dije07/payslip-system/services/payroll/payroll_service.go:18.95,20.2 1 1
github.com/dije07/payslip-system/services/payroll/payroll_service.go:22.78,23.23 1 1
github.com/dije07/payslip-system/services/payroll/payroll_service.go:23.23,25.3 1 1
github.com/dije07/payslip-system/services/payroll/payroll_service.go:26.2,26.44 1 1
github.com/dije07/payslip-system/services/payroll/payroll_service.go:26.44,28.3 1 1
github.com/dije07/payslip-system/services/payroll/payroll_service.go:29.2,29.47 1 1
github.com/dije07/payslip-system/services/payroll/payroll_service.go:32.76,33.21 1 1
github.com/dije07/payslip-system/services/payroll/payroll_service.go:33.21,35.3 1 1
github.com/dije07/payslip-system/services/payroll/payroll_service.go:37.2,39.16 3 1
github.com/dije07/payslip-system/services/payroll/payroll_service.go:39.16,41.3 1 1
github.com/dije07/payslip-system/services/payroll/payroll_service.go:43.2,43.32 1 1
github.com/dije07/payslip-system/services/payroll/payroll_service.go:43.32,66.3 10 1
github.com/dije07/payslip-system/services/payroll/payroll_service.go:68.2,68.45 1 1
github.com/dije07/payslip-system/services/payroll/payroll_service.go:71.70,73.56 2 1
github.com/dije07/payslip-system/services/payroll/payroll_service.go:73.56,74.65 1 1
github.com/dije07/payslip-system/services/payroll/payroll_service.go:74.65,76.4 1 1
github.com/dije07/payslip-system/services/payroll/payroll_service.go:78.2,78.14 1 1
github.com/dije07/payslip-system/services/payslip/payslip_service.go:14.95,16.2 1 1
github.com/dije07/payslip-system/services/payslip/payslip_service.go:18.102,20.2 1 1
github.com/dije07/payslip-system/services/payslip/payslip_service.go:22.103,24.16 2 1
github.com/dije07/payslip-system/services/payslip/payslip_service.go:24.16,26.3 1 1
github.com/dije07/payslip-system/services/payslip/payslip_service.go:28.2,29.29 2 1
github.com/dije07/payslip-system/services/payslip/payslip_service.go:29.29,31.3 1 1
github.com/dije07/payslip-system/services/payslip/payslip_service.go:33.2,33.29 1 1
github.com/dije07/payslip-system/services/reimbursement/reimbursement_service.go:16.113,18.2 1 1
github.com/dije07/payslip-system/services/reimbursement/reimbursement_service.go:20.116,21.17 1 1
github.com/dije07/payslip-system/services/reimbursement/reimbursement_service.go:21.17,23.3 1 1
github.com/dije07/payslip-system/services/reimbursement/reimbursement_service.go:24.2,24.27 1 1
github.com/dije07/payslip-system/services/reimbursement/reimbursement_service.go:24.27,26.3 1 1
github.com/dije07/payslip-system/services/reimbursement/reimbursement_service.go:27.2,27.64 1 1
github.com/dije07/payslip-system/services/reimbursement/reimbursement_service.go:30.106,32.2 1 1
